*** Starting uWSGI 2.0.18 (64bit) on [Sun May  3 15:05:35 2020] ***
compiled with version: 7.5.0 on 10 April 2020 00:17:18
os: Linux-5.4.0-28-generic #32-Ubuntu SMP Wed Apr 22 17:40:10 UTC 2020
nodename: nahum
machine: x86_64
clock source: unix
pcre jit disabled
detected number of CPU cores: 8
current working directory: /home/crehana/projects/respirar
detected binary path: /home/crehana/.local/bin/uwsgi
chdir() to /home/crehana/projects/respirar
your processes number limit is 127807
your memory page size is 4096 bytes
detected max file descriptor number: 1024
lock engine: pthread robust mutexes
thunder lock: disabled (you can enable it with --thunder-lock)
probably another instance of uWSGI is running on the same address (0.0.0.0:8080).
bind(): Address already in use [core/socket.c line 769]
*** Starting uWSGI 2.0.18 (64bit) on [Sun May  3 15:06:46 2020] ***
compiled with version: 7.5.0 on 10 April 2020 00:17:18
os: Linux-5.4.0-28-generic #32-Ubuntu SMP Wed Apr 22 17:40:10 UTC 2020
nodename: nahum
machine: x86_64
clock source: unix
pcre jit disabled
detected number of CPU cores: 8
current working directory: /home/crehana/projects/respirar
detected binary path: /home/crehana/.local/bin/uwsgi
chdir() to /home/crehana/projects/respirar
your processes number limit is 127807
your memory page size is 4096 bytes
detected max file descriptor number: 1024
lock engine: pthread robust mutexes
thunder lock: disabled (you can enable it with --thunder-lock)
probably another instance of uWSGI is running on the same address (0.0.0.0:8080).
bind(): Address already in use [core/socket.c line 769]
*** Starting uWSGI 2.0.18 (64bit) on [Sun May  3 15:08:44 2020] ***
compiled with version: 7.5.0 on 10 April 2020 00:17:18
os: Linux-5.4.0-28-generic #32-Ubuntu SMP Wed Apr 22 17:40:10 UTC 2020
nodename: nahum
machine: x86_64
clock source: unix
pcre jit disabled
detected number of CPU cores: 8
current working directory: /home/crehana/projects/respirar
detected binary path: /home/crehana/.local/bin/uwsgi
chdir() to /home/crehana/projects/respirar
your processes number limit is 127807
your memory page size is 4096 bytes
detected max file descriptor number: 1024
lock engine: pthread robust mutexes
thunder lock: disabled (you can enable it with --thunder-lock)
uWSGI http bound on 0.0.0.0:8080 fd 3
uWSGI http bound on 192.168.1.2:8000 fd 4
Python version: 3.8.0 (default, Apr  9 2020, 19:15:50)  [GCC 7.5.0]
PEP 405 virtualenv detected: /home/crehana/.virtualenvs/respirar
Set PythonHome to /home/crehana/.virtualenvs/respirar
*** Python threads support is disabled. You can enable it with --enable-threads ***
Python main interpreter initialized at 0x56189b80fa90
your mercy for graceful operations on workers is 60 seconds
*** Operational MODE: no-workers ***
ALLOWED_HOSTS ======================> ['localhost']
Traceback (most recent call last):
  File "./respirar/wsgi.py", line 16, in <module>
    application = get_wsgi_application()
  File "/home/crehana/.virtualenvs/respirar/lib/python3.8/site-packages/django/core/wsgi.py", line 12, in get_wsgi_application
    django.setup(set_prefix=False)
  File "/home/crehana/.virtualenvs/respirar/lib/python3.8/site-packages/django/__init__.py", line 19, in setup
    configure_logging(settings.LOGGING_CONFIG, settings.LOGGING)
  File "/home/crehana/.virtualenvs/respirar/lib/python3.8/site-packages/django/conf/__init__.py", line 79, in __getattr__
    self._setup(name)
  File "/home/crehana/.virtualenvs/respirar/lib/python3.8/site-packages/django/conf/__init__.py", line 66, in _setup
    self._wrapped = Settings(settings_module)
  File "/home/crehana/.virtualenvs/respirar/lib/python3.8/site-packages/django/conf/__init__.py", line 176, in __init__
    raise ImproperlyConfigured("The SECRET_KEY setting must not be empty.")
django.core.exceptions.ImproperlyConfigured: The SECRET_KEY setting must not be empty.
unable to load app 0 (mountpoint='') (callable not found or import error)
Traceback (most recent call last):
  File "respirar/wsgi.py", line 16, in <module>
    application = get_wsgi_application()
  File "/home/crehana/.virtualenvs/respirar/lib/python3.8/site-packages/django/core/wsgi.py", line 12, in get_wsgi_application
    django.setup(set_prefix=False)
  File "/home/crehana/.virtualenvs/respirar/lib/python3.8/site-packages/django/__init__.py", line 19, in setup
    configure_logging(settings.LOGGING_CONFIG, settings.LOGGING)
  File "/home/crehana/.virtualenvs/respirar/lib/python3.8/site-packages/django/conf/__init__.py", line 79, in __getattr__
    self._setup(name)
  File "/home/crehana/.virtualenvs/respirar/lib/python3.8/site-packages/django/conf/__init__.py", line 66, in _setup
    self._wrapped = Settings(settings_module)
  File "/home/crehana/.virtualenvs/respirar/lib/python3.8/site-packages/django/conf/__init__.py", line 176, in __init__
    raise ImproperlyConfigured("The SECRET_KEY setting must not be empty.")
django.core.exceptions.ImproperlyConfigured: The SECRET_KEY setting must not be empty.
unable to load app 0 (mountpoint='') (callable not found or import error)
spawned uWSGI master process (pid: 40709)
spawned uWSGI http 1 (pid: 40735)
